<?xml version="1.0" encoding="UTF-8"?>
<testsuites>
  <testsuite name="" tests="38" assertions="73" errors="0" warnings="0" failures="0" skipped="0" time="2.235568">
    <testsuite name="Feature" tests="31" assertions="63" errors="0" warnings="0" failures="0" skipped="0" time="2.122164">
      <testsuite name="App\Domain\Server\Tests\Feature\ServerFeatureTest" file="/var/www/html/app/Domain/Server/Tests/Feature/ServerFeatureTest.php" tests="1" assertions="1" errors="0" warnings="0" failures="0" skipped="0" time="0.530397">
        <testcase name="testCanSeeHealth" class="App\Domain\Server\Tests\Feature\ServerFeatureTest" classname="App.Domain.Server.Tests.Feature.ServerFeatureTest" file="/var/www/html/app/Domain/Server/Tests/Feature/ServerFeatureTest.php" line="9" assertions="1" time="0.530397"/>
      </testsuite>
      <testsuite name="App\Domain\Tasks\Tests\Feature\TaskFeatureTest" file="/var/www/html/app/Domain/Tasks/Tests/Feature/TaskFeatureTest.php" tests="9" assertions="21" errors="0" warnings="0" failures="0" skipped="0" time="0.670680">
        <testcase name="testCanCreateTask" class="App\Domain\Tasks\Tests\Feature\TaskFeatureTest" classname="App.Domain.Tasks.Tests.Feature.TaskFeatureTest" file="/var/www/html/app/Domain/Tasks/Tests/Feature/TaskFeatureTest.php" line="27" assertions="3" time="0.229523"/>
        <testcase name="testTaskCreatedEventDispatched" class="App\Domain\Tasks\Tests\Feature\TaskFeatureTest" classname="App.Domain.Tasks.Tests.Feature.TaskFeatureTest" file="/var/www/html/app/Domain/Tasks/Tests/Feature/TaskFeatureTest.php" line="43" assertions="1" time="0.041541"/>
        <testcase name="testCantCreateTaskBecauseTheTitleContainsNotAllowedSymbols" class="App\Domain\Tasks\Tests\Feature\TaskFeatureTest" classname="App.Domain.Tasks.Tests.Feature.TaskFeatureTest" file="/var/www/html/app/Domain/Tasks/Tests/Feature/TaskFeatureTest.php" line="55" assertions="3" time="0.053937"/>
        <testcase name="testCanChangeTaskStatus" class="App\Domain\Tasks\Tests\Feature\TaskFeatureTest" classname="App.Domain.Tasks.Tests.Feature.TaskFeatureTest" file="/var/www/html/app/Domain/Tasks/Tests/Feature/TaskFeatureTest.php" line="65" assertions="2" time="0.060708"/>
        <testcase name="testTaskUpdatedEventDispatched" class="App\Domain\Tasks\Tests\Feature\TaskFeatureTest" classname="App.Domain.Tasks.Tests.Feature.TaskFeatureTest" file="/var/www/html/app/Domain/Tasks/Tests/Feature/TaskFeatureTest.php" line="77" assertions="3" time="0.038780"/>
        <testcase name="testCantChangeTaskStatusToCurrentStatus" class="App\Domain\Tasks\Tests\Feature\TaskFeatureTest" classname="App.Domain.Tasks.Tests.Feature.TaskFeatureTest" file="/var/www/html/app/Domain/Tasks/Tests/Feature/TaskFeatureTest.php" line="93" assertions="3" time="0.051693"/>
        <testcase name="testCantChangeTaskStatusBecauseTheTaskDoesNotBelongToTheLoggedUser" class="App\Domain\Tasks\Tests\Feature\TaskFeatureTest" classname="App.Domain.Tasks.Tests.Feature.TaskFeatureTest" file="/var/www/html/app/Domain/Tasks/Tests/Feature/TaskFeatureTest.php" line="111" assertions="2" time="0.072433"/>
        <testcase name="testCanSeeOwnTasks" class="App\Domain\Tasks\Tests\Feature\TaskFeatureTest" classname="App.Domain.Tasks.Tests.Feature.TaskFeatureTest" file="/var/www/html/app/Domain/Tasks/Tests/Feature/TaskFeatureTest.php" line="127" assertions="2" time="0.067591"/>
        <testcase name="testCantSeeOtherUserTasks" class="App\Domain\Tasks\Tests\Feature\TaskFeatureTest" classname="App.Domain.Tasks.Tests.Feature.TaskFeatureTest" file="/var/www/html/app/Domain/Tasks/Tests/Feature/TaskFeatureTest.php" line="141" assertions="2" time="0.054474"/>
      </testsuite>
      <testsuite name="App\Domain\Users\Tests\Feature\UserAuthenticationTest" file="/var/www/html/app/Domain/Users/Tests/Feature/UserAuthenticationTest.php" tests="16" assertions="31" errors="0" warnings="0" failures="0" skipped="0" time="0.728263">
        <testcase name="testCanLogIn" class="App\Domain\Users\Tests\Feature\UserAuthenticationTest" classname="App.Domain.Users.Tests.Feature.UserAuthenticationTest" file="/var/www/html/app/Domain/Users/Tests/Feature/UserAuthenticationTest.php" line="23" assertions="1" time="0.057201"/>
        <testcase name="testCantLoginInvalidEmailFormat" class="App\Domain\Users\Tests\Feature\UserAuthenticationTest" classname="App.Domain.Users.Tests.Feature.UserAuthenticationTest" file="/var/www/html/app/Domain/Users/Tests/Feature/UserAuthenticationTest.php" line="31" assertions="2" time="0.039860"/>
        <testcase name="testCantLoginBecausePasswordIsTooShort" class="App\Domain\Users\Tests\Feature\UserAuthenticationTest" classname="App.Domain.Users.Tests.Feature.UserAuthenticationTest" file="/var/www/html/app/Domain/Users/Tests/Feature/UserAuthenticationTest.php" line="41" assertions="2" time="0.042205"/>
        <testcase name="testCantLoginBecauseCredentialsAreInvalid" class="App\Domain\Users\Tests\Feature\UserAuthenticationTest" classname="App.Domain.Users.Tests.Feature.UserAuthenticationTest" file="/var/www/html/app/Domain/Users/Tests/Feature/UserAuthenticationTest.php" line="50" assertions="2" time="0.040407"/>
        <testcase name="testCantLoginBecauseAlreadyLoggedIn" class="App\Domain\Users\Tests\Feature\UserAuthenticationTest" classname="App.Domain.Users.Tests.Feature.UserAuthenticationTest" file="/var/www/html/app/Domain/Users/Tests/Feature/UserAuthenticationTest.php" line="59" assertions="2" time="0.053429"/>
        <testcase name="testLoginTokenResponseContainsToken" class="App\Domain\Users\Tests\Feature\UserAuthenticationTest" classname="App.Domain.Users.Tests.Feature.UserAuthenticationTest" file="/var/www/html/app/Domain/Users/Tests/Feature/UserAuthenticationTest.php" line="70" assertions="2" time="0.039204"/>
        <testcase name="testLoginAccessTokenResponseExpiresInPropertyIsInTheFuture" class="App\Domain\Users\Tests\Feature\UserAuthenticationTest" classname="App.Domain.Users.Tests.Feature.UserAuthenticationTest" file="/var/www/html/app/Domain/Users/Tests/Feature/UserAuthenticationTest.php" line="81" assertions="1" time="0.040518"/>
        <testcase name="testLoginAccessTokenExpiresInByConfig" class="App\Domain\Users\Tests\Feature\UserAuthenticationTest" classname="App.Domain.Users.Tests.Feature.UserAuthenticationTest" file="/var/www/html/app/Domain/Users/Tests/Feature/UserAuthenticationTest.php" line="93" assertions="1" time="0.039447"/>
        <testcase name="testCanLogout" class="App\Domain\Users\Tests\Feature\UserAuthenticationTest" classname="App.Domain.Users.Tests.Feature.UserAuthenticationTest" file="/var/www/html/app/Domain/Users/Tests/Feature/UserAuthenticationTest.php" line="106" assertions="2" time="0.055201"/>
        <testcase name="testCantLogoutBecauseNoTokenIsPresent" class="App\Domain\Users\Tests\Feature\UserAuthenticationTest" classname="App.Domain.Users.Tests.Feature.UserAuthenticationTest" file="/var/www/html/app/Domain/Users/Tests/Feature/UserAuthenticationTest.php" line="114" assertions="2" time="0.041533"/>
        <testcase name="testCantLogoutBecauseTokenIsInvalid" class="App\Domain\Users\Tests\Feature\UserAuthenticationTest" classname="App.Domain.Users.Tests.Feature.UserAuthenticationTest" file="/var/www/html/app/Domain/Users/Tests/Feature/UserAuthenticationTest.php" line="122" assertions="2" time="0.041074"/>
        <testcase name="testCanRefreshToken" class="App\Domain\Users\Tests\Feature\UserAuthenticationTest" classname="App.Domain.Users.Tests.Feature.UserAuthenticationTest" file="/var/www/html/app/Domain/Users/Tests/Feature/UserAuthenticationTest.php" line="130" assertions="3" time="0.051372"/>
        <testcase name="testCantRefreshTokenBecauseTokenIsAlreadyExpired" class="App\Domain\Users\Tests\Feature\UserAuthenticationTest" classname="App.Domain.Users.Tests.Feature.UserAuthenticationTest" file="/var/www/html/app/Domain/Users/Tests/Feature/UserAuthenticationTest.php" line="141" assertions="2" time="0.054419"/>
        <testcase name="testCantRefreshTokenBecauseTokenIsNotPresent" class="App\Domain\Users\Tests\Feature\UserAuthenticationTest" classname="App.Domain.Users.Tests.Feature.UserAuthenticationTest" file="/var/www/html/app/Domain/Users/Tests/Feature/UserAuthenticationTest.php" line="153" assertions="2" time="0.040528"/>
        <testcase name="testCanSeeOwnProfile" class="App\Domain\Users\Tests\Feature\UserAuthenticationTest" classname="App.Domain.Users.Tests.Feature.UserAuthenticationTest" file="/var/www/html/app/Domain/Users/Tests/Feature/UserAuthenticationTest.php" line="160" assertions="3" time="0.052860"/>
        <testcase name="testCantSeeOwnProfileBecauseNoTokenIsProvider" class="App\Domain\Users\Tests\Feature\UserAuthenticationTest" classname="App.Domain.Users.Tests.Feature.UserAuthenticationTest" file="/var/www/html/app/Domain/Users/Tests/Feature/UserAuthenticationTest.php" line="169" assertions="2" time="0.039004"/>
      </testsuite>
      <testsuite name="App\Domain\Users\Tests\Feature\UserRegisterTest" file="/var/www/html/app/Domain/Users/Tests/Feature/UserRegisterTest.php" tests="5" assertions="10" errors="0" warnings="0" failures="0" skipped="0" time="0.192824">
        <testcase name="testCanRegister" class="App\Domain\Users\Tests\Feature\UserRegisterTest" classname="App.Domain.Users.Tests.Feature.UserRegisterTest" file="/var/www/html/app/Domain/Users/Tests/Feature/UserRegisterTest.php" line="14" assertions="3" time="0.040447"/>
        <testcase name="testUserCreatedEventDispatched" class="App\Domain\Users\Tests\Feature\UserRegisterTest" classname="App.Domain.Users.Tests.Feature.UserRegisterTest" file="/var/www/html/app/Domain/Users/Tests/Feature/UserRegisterTest.php" line="30" assertions="1" time="0.038758"/>
        <testcase name="testCannotRegisterBecausePasswordIsTooShort" class="App\Domain\Users\Tests\Feature\UserRegisterTest" classname="App.Domain.Users.Tests.Feature.UserRegisterTest" file="/var/www/html/app/Domain/Users/Tests/Feature/UserRegisterTest.php" line="45" assertions="2" time="0.038051"/>
        <testcase name="testCannotRegisterBecausePasswordsNotMatch" class="App\Domain\Users\Tests\Feature\UserRegisterTest" classname="App.Domain.Users.Tests.Feature.UserRegisterTest" file="/var/www/html/app/Domain/Users/Tests/Feature/UserRegisterTest.php" line="57" assertions="2" time="0.036297"/>
        <testcase name="testCannotRegisterBecauseEmailAlreadyRegistered" class="App\Domain\Users\Tests\Feature\UserRegisterTest" classname="App.Domain.Users.Tests.Feature.UserRegisterTest" file="/var/www/html/app/Domain/Users/Tests/Feature/UserRegisterTest.php" line="69" assertions="2" time="0.039272"/>
      </testsuite>
    </testsuite>
    <testsuite name="Unit" tests="7" assertions="10" errors="0" warnings="0" failures="0" skipped="0" time="0.113404">
      <testsuite name="App\Domain\Tasks\Tests\Unit\TaskDataTest" file="/var/www/html/app/Domain/Tasks/Tests/Unit/TaskDataTest.php" tests="4" assertions="7" errors="0" warnings="0" failures="0" skipped="0" time="0.000866">
        <testcase name="testTaskDataTransferObjectImplementsArrayable" class="App\Domain\Tasks\Tests\Unit\TaskDataTest" classname="App.Domain.Tasks.Tests.Unit.TaskDataTest" file="/var/www/html/app/Domain/Tasks/Tests/Unit/TaskDataTest.php" line="11" assertions="1" time="0.000044"/>
        <testcase name="testTaskDataHasToArrayMethod" class="App\Domain\Tasks\Tests\Unit\TaskDataTest" classname="App.Domain.Tasks.Tests.Unit.TaskDataTest" file="/var/www/html/app/Domain/Tasks/Tests/Unit/TaskDataTest.php" line="20" assertions="1" time="0.000028"/>
        <testcase name="testTaskDataToArrayMethodReturnsArray" class="App\Domain\Tasks\Tests\Unit\TaskDataTest" classname="App.Domain.Tasks.Tests.Unit.TaskDataTest" file="/var/www/html/app/Domain/Tasks/Tests/Unit/TaskDataTest.php" line="25" assertions="1" time="0.000764"/>
        <testcase name="testTaskDataToArrayMethodReturnNonEmptyArray" class="App\Domain\Tasks\Tests\Unit\TaskDataTest" classname="App.Domain.Tasks.Tests.Unit.TaskDataTest" file="/var/www/html/app/Domain/Tasks/Tests/Unit/TaskDataTest.php" line="37" assertions="4" time="0.000031"/>
      </testsuite>
      <testsuite name="App\Domain\Tasks\Tests\Unit\TaskModelTest" file="/var/www/html/app/Domain/Tasks/Tests/Unit/TaskModelTest.php" tests="2" assertions="2" errors="0" warnings="0" failures="0" skipped="0" time="0.071347">
        <testcase name="testTaskHasUser" class="App\Domain\Tasks\Tests\Unit\TaskModelTest" classname="App.Domain.Tasks.Tests.Unit.TaskModelTest" file="/var/www/html/app/Domain/Tasks/Tests/Unit/TaskModelTest.php" line="12" assertions="1" time="0.035904"/>
        <testcase name="testTaskRouteKeyIsUuid" class="App\Domain\Tasks\Tests\Unit\TaskModelTest" classname="App.Domain.Tasks.Tests.Unit.TaskModelTest" file="/var/www/html/app/Domain/Tasks/Tests/Unit/TaskModelTest.php" line="20" assertions="1" time="0.035443"/>
      </testsuite>
      <testsuite name="App\Domain\Users\Tests\Unit\UserModelTest" file="/var/www/html/app/Domain/Users/Tests/Unit/UserModelTest.php" tests="1" assertions="1" errors="0" warnings="0" failures="0" skipped="0" time="0.041191">
        <testcase name="testUserHasTasks" class="App\Domain\Users\Tests\Unit\UserModelTest" classname="App.Domain.Users.Tests.Unit.UserModelTest" file="/var/www/html/app/Domain/Users/Tests/Unit/UserModelTest.php" line="12" assertions="1" time="0.041191"/>
      </testsuite>
    </testsuite>
  </testsuite>
</testsuites>
