<?xml version="1.0" encoding="UTF-8"?>
<testsuites>
  <testsuite name="" tests="32" assertions="65" errors="0" warnings="0" failures="0" skipped="0" time="2.048721">
    <testsuite name="Feature" tests="28" assertions="58" errors="0" warnings="0" failures="0" skipped="0" time="2.047642">
      <testsuite name="App\Domain\Tasks\Tests\Feature\TaskFeatureTest" file="/var/www/html/app/Domain/Tasks/Tests/Feature/TaskFeatureTest.php" tests="7" assertions="17" errors="0" warnings="0" failures="0" skipped="0" time="1.074341">
        <testcase name="testCanCreateTask" class="App\Domain\Tasks\Tests\Feature\TaskFeatureTest" classname="App.Domain.Tasks.Tests.Feature.TaskFeatureTest" file="/var/www/html/app/Domain/Tasks/Tests/Feature/TaskFeatureTest.php" line="28" assertions="3" time="0.737382"/>
        <testcase name="testTaskCreatedEventDispatched" class="App\Domain\Tasks\Tests\Feature\TaskFeatureTest" classname="App.Domain.Tasks.Tests.Feature.TaskFeatureTest" file="/var/www/html/app/Domain/Tasks/Tests/Feature/TaskFeatureTest.php" line="44" assertions="1" time="0.043191"/>
        <testcase name="testCantCreateTaskBecauseTheTitleContainsNotAllowedSymbols" class="App\Domain\Tasks\Tests\Feature\TaskFeatureTest" classname="App.Domain.Tasks.Tests.Feature.TaskFeatureTest" file="/var/www/html/app/Domain/Tasks/Tests/Feature/TaskFeatureTest.php" line="56" assertions="3" time="0.053381"/>
        <testcase name="testCanChangeTaskStatus" class="App\Domain\Tasks\Tests\Feature\TaskFeatureTest" classname="App.Domain.Tasks.Tests.Feature.TaskFeatureTest" file="/var/www/html/app/Domain/Tasks/Tests/Feature/TaskFeatureTest.php" line="66" assertions="2" time="0.068530"/>
        <testcase name="testTaskUpdatedEventDispatched" class="App\Domain\Tasks\Tests\Feature\TaskFeatureTest" classname="App.Domain.Tasks.Tests.Feature.TaskFeatureTest" file="/var/www/html/app/Domain/Tasks/Tests/Feature/TaskFeatureTest.php" line="78" assertions="3" time="0.039900"/>
        <testcase name="testCantChangeTaskStatusToCurrentStatus" class="App\Domain\Tasks\Tests\Feature\TaskFeatureTest" classname="App.Domain.Tasks.Tests.Feature.TaskFeatureTest" file="/var/www/html/app/Domain/Tasks/Tests/Feature/TaskFeatureTest.php" line="94" assertions="3" time="0.058122"/>
        <testcase name="testCantChangeTaskStatusBecauseTheTaskDoesNotBelongToTheLoggedUser" class="App\Domain\Tasks\Tests\Feature\TaskFeatureTest" classname="App.Domain.Tasks.Tests.Feature.TaskFeatureTest" file="/var/www/html/app/Domain/Tasks/Tests/Feature/TaskFeatureTest.php" line="112" assertions="2" time="0.073834"/>
      </testsuite>
      <testsuite name="App\Domain\Users\Tests\Feature\UserAuthenticationTest" file="/var/www/html/app/Domain/Users/Tests/Feature/UserAuthenticationTest.php" tests="16" assertions="31" errors="0" warnings="0" failures="0" skipped="0" time="0.778825">
        <testcase name="testCanLogIn" class="App\Domain\Users\Tests\Feature\UserAuthenticationTest" classname="App.Domain.Users.Tests.Feature.UserAuthenticationTest" file="/var/www/html/app/Domain/Users/Tests/Feature/UserAuthenticationTest.php" line="23" assertions="1" time="0.078308"/>
        <testcase name="testCantLoginInvalidEmailFormat" class="App\Domain\Users\Tests\Feature\UserAuthenticationTest" classname="App.Domain.Users.Tests.Feature.UserAuthenticationTest" file="/var/www/html/app/Domain/Users/Tests/Feature/UserAuthenticationTest.php" line="31" assertions="2" time="0.065538"/>
        <testcase name="testCantLoginBecausePasswordIsTooShort" class="App\Domain\Users\Tests\Feature\UserAuthenticationTest" classname="App.Domain.Users.Tests.Feature.UserAuthenticationTest" file="/var/www/html/app/Domain/Users/Tests/Feature/UserAuthenticationTest.php" line="41" assertions="2" time="0.055701"/>
        <testcase name="testCantLoginBecauseCredentialsAreInvalid" class="App\Domain\Users\Tests\Feature\UserAuthenticationTest" classname="App.Domain.Users.Tests.Feature.UserAuthenticationTest" file="/var/www/html/app/Domain/Users/Tests/Feature/UserAuthenticationTest.php" line="50" assertions="2" time="0.040771"/>
        <testcase name="testCantLoginBecauseAlreadyLoggedIn" class="App\Domain\Users\Tests\Feature\UserAuthenticationTest" classname="App.Domain.Users.Tests.Feature.UserAuthenticationTest" file="/var/www/html/app/Domain/Users/Tests/Feature/UserAuthenticationTest.php" line="59" assertions="2" time="0.052455"/>
        <testcase name="testLoginTokenResponseContainsToken" class="App\Domain\Users\Tests\Feature\UserAuthenticationTest" classname="App.Domain.Users.Tests.Feature.UserAuthenticationTest" file="/var/www/html/app/Domain/Users/Tests/Feature/UserAuthenticationTest.php" line="70" assertions="2" time="0.040361"/>
        <testcase name="testLoginAccessTokenResponseExpiresInPropertyIsInTheFuture" class="App\Domain\Users\Tests\Feature\UserAuthenticationTest" classname="App.Domain.Users.Tests.Feature.UserAuthenticationTest" file="/var/www/html/app/Domain/Users/Tests/Feature/UserAuthenticationTest.php" line="81" assertions="1" time="0.039248"/>
        <testcase name="testLoginAccessTokenExpiresInByConfig" class="App\Domain\Users\Tests\Feature\UserAuthenticationTest" classname="App.Domain.Users.Tests.Feature.UserAuthenticationTest" file="/var/www/html/app/Domain/Users/Tests/Feature/UserAuthenticationTest.php" line="93" assertions="1" time="0.039738"/>
        <testcase name="testCanLogout" class="App\Domain\Users\Tests\Feature\UserAuthenticationTest" classname="App.Domain.Users.Tests.Feature.UserAuthenticationTest" file="/var/www/html/app/Domain/Users/Tests/Feature/UserAuthenticationTest.php" line="106" assertions="2" time="0.051910"/>
        <testcase name="testCantLogoutBecauseNoTokenIsPresent" class="App\Domain\Users\Tests\Feature\UserAuthenticationTest" classname="App.Domain.Users.Tests.Feature.UserAuthenticationTest" file="/var/www/html/app/Domain/Users/Tests/Feature/UserAuthenticationTest.php" line="114" assertions="2" time="0.039565"/>
        <testcase name="testCantLogoutBecauseTokenIsInvalid" class="App\Domain\Users\Tests\Feature\UserAuthenticationTest" classname="App.Domain.Users.Tests.Feature.UserAuthenticationTest" file="/var/www/html/app/Domain/Users/Tests/Feature/UserAuthenticationTest.php" line="122" assertions="2" time="0.040369"/>
        <testcase name="testCanRefreshToken" class="App\Domain\Users\Tests\Feature\UserAuthenticationTest" classname="App.Domain.Users.Tests.Feature.UserAuthenticationTest" file="/var/www/html/app/Domain/Users/Tests/Feature/UserAuthenticationTest.php" line="130" assertions="3" time="0.052810"/>
        <testcase name="testCantRefreshTokenBecauseTokenIsAlreadyExpired" class="App\Domain\Users\Tests\Feature\UserAuthenticationTest" classname="App.Domain.Users.Tests.Feature.UserAuthenticationTest" file="/var/www/html/app/Domain/Users/Tests/Feature/UserAuthenticationTest.php" line="141" assertions="2" time="0.053267"/>
        <testcase name="testCantRefreshTokenBecauseTokenIsNotPresent" class="App\Domain\Users\Tests\Feature\UserAuthenticationTest" classname="App.Domain.Users.Tests.Feature.UserAuthenticationTest" file="/var/www/html/app/Domain/Users/Tests/Feature/UserAuthenticationTest.php" line="153" assertions="2" time="0.037561"/>
        <testcase name="testCanSeeOwnProfile" class="App\Domain\Users\Tests\Feature\UserAuthenticationTest" classname="App.Domain.Users.Tests.Feature.UserAuthenticationTest" file="/var/www/html/app/Domain/Users/Tests/Feature/UserAuthenticationTest.php" line="160" assertions="3" time="0.053205"/>
        <testcase name="testCantSeeOwnProfileBecauseNoTokenIsProvider" class="App\Domain\Users\Tests\Feature\UserAuthenticationTest" classname="App.Domain.Users.Tests.Feature.UserAuthenticationTest" file="/var/www/html/app/Domain/Users/Tests/Feature/UserAuthenticationTest.php" line="169" assertions="2" time="0.038017"/>
      </testsuite>
      <testsuite name="App\Domain\Users\Tests\Feature\UserRegisterTest" file="/var/www/html/app/Domain/Users/Tests/Feature/UserRegisterTest.php" tests="5" assertions="10" errors="0" warnings="0" failures="0" skipped="0" time="0.194475">
        <testcase name="testCanRegister" class="App\Domain\Users\Tests\Feature\UserRegisterTest" classname="App.Domain.Users.Tests.Feature.UserRegisterTest" file="/var/www/html/app/Domain/Users/Tests/Feature/UserRegisterTest.php" line="14" assertions="3" time="0.041228"/>
        <testcase name="testUserCreatedEventDispatched" class="App\Domain\Users\Tests\Feature\UserRegisterTest" classname="App.Domain.Users.Tests.Feature.UserRegisterTest" file="/var/www/html/app/Domain/Users/Tests/Feature/UserRegisterTest.php" line="30" assertions="1" time="0.037446"/>
        <testcase name="testCannotRegisterBecausePasswordIsTooShort" class="App\Domain\Users\Tests\Feature\UserRegisterTest" classname="App.Domain.Users.Tests.Feature.UserRegisterTest" file="/var/www/html/app/Domain/Users/Tests/Feature/UserRegisterTest.php" line="45" assertions="2" time="0.035995"/>
        <testcase name="testCannotRegisterBecausePasswordsNotMatch" class="App\Domain\Users\Tests\Feature\UserRegisterTest" classname="App.Domain.Users.Tests.Feature.UserRegisterTest" file="/var/www/html/app/Domain/Users/Tests/Feature/UserRegisterTest.php" line="57" assertions="2" time="0.036630"/>
        <testcase name="testCannotRegisterBecauseEmailAlreadyRegistered" class="App\Domain\Users\Tests\Feature\UserRegisterTest" classname="App.Domain.Users.Tests.Feature.UserRegisterTest" file="/var/www/html/app/Domain/Users/Tests/Feature/UserRegisterTest.php" line="69" assertions="2" time="0.043177"/>
      </testsuite>
    </testsuite>
    <testsuite name="Unit" tests="4" assertions="7" errors="0" warnings="0" failures="0" skipped="0" time="0.001079">
      <testsuite name="App\Domain\Tasks\Tests\Unit\TaskDataTest" file="/var/www/html/app/Domain/Tasks/Tests/Unit/TaskDataTest.php" tests="4" assertions="7" errors="0" warnings="0" failures="0" skipped="0" time="0.001079">
        <testcase name="testTaskDataTransferObjectImplementsArrayable" class="App\Domain\Tasks\Tests\Unit\TaskDataTest" classname="App.Domain.Tasks.Tests.Unit.TaskDataTest" file="/var/www/html/app/Domain/Tasks/Tests/Unit/TaskDataTest.php" line="11" assertions="1" time="0.000088"/>
        <testcase name="testTaskDataHasToArrayMethod" class="App\Domain\Tasks\Tests\Unit\TaskDataTest" classname="App.Domain.Tasks.Tests.Unit.TaskDataTest" file="/var/www/html/app/Domain/Tasks/Tests/Unit/TaskDataTest.php" line="20" assertions="1" time="0.000025"/>
        <testcase name="testTaskDataToArrayMethodReturnsArray" class="App\Domain\Tasks\Tests\Unit\TaskDataTest" classname="App.Domain.Tasks.Tests.Unit.TaskDataTest" file="/var/www/html/app/Domain/Tasks/Tests/Unit/TaskDataTest.php" line="25" assertions="1" time="0.000925"/>
        <testcase name="testTaskDataToArrayMethodReturnNonEmptyArray" class="App\Domain\Tasks\Tests\Unit\TaskDataTest" classname="App.Domain.Tasks.Tests.Unit.TaskDataTest" file="/var/www/html/app/Domain/Tasks/Tests/Unit/TaskDataTest.php" line="37" assertions="4" time="0.000041"/>
      </testsuite>
    </testsuite>
  </testsuite>
</testsuites>
