<?xml version="1.0" encoding="UTF-8"?>
<testsuites>
  <testsuite name="" tests="38" assertions="74" errors="0" warnings="0" failures="0" skipped="0" time="2.806604">
    <testsuite name="Feature" tests="31" assertions="64" errors="0" warnings="0" failures="0" skipped="0" time="2.683474">
      <testsuite name="App\Domain\Server\Tests\Feature\ServerFeatureTest" file="/var/www/html/app/Domain/Server/Tests/Feature/ServerFeatureTest.php" tests="1" assertions="1" errors="0" warnings="0" failures="0" skipped="0" time="0.525003">
        <testcase name="testCanSeeHealth" class="App\Domain\Server\Tests\Feature\ServerFeatureTest" classname="App.Domain.Server.Tests.Feature.ServerFeatureTest" file="/var/www/html/app/Domain/Server/Tests/Feature/ServerFeatureTest.php" line="9" assertions="1" time="0.525003"/>
      </testsuite>
      <testsuite name="App\Domain\Tasks\Tests\Feature\TaskFeatureTest" file="/var/www/html/app/Domain/Tasks/Tests/Feature/TaskFeatureTest.php" tests="9" assertions="22" errors="0" warnings="0" failures="0" skipped="0" time="0.597192">
        <testcase name="testCanCreateTask" class="App\Domain\Tasks\Tests\Feature\TaskFeatureTest" classname="App.Domain.Tasks.Tests.Feature.TaskFeatureTest" file="/var/www/html/app/Domain/Tasks/Tests/Feature/TaskFeatureTest.php" line="27" assertions="3" time="0.216015"/>
        <testcase name="testTaskCreatedEventDispatched" class="App\Domain\Tasks\Tests\Feature\TaskFeatureTest" classname="App.Domain.Tasks.Tests.Feature.TaskFeatureTest" file="/var/www/html/app/Domain/Tasks/Tests/Feature/TaskFeatureTest.php" line="43" assertions="1" time="0.044004"/>
        <testcase name="testCantCreateTaskBecauseTheTitleContainsNotAllowedSymbols" class="App\Domain\Tasks\Tests\Feature\TaskFeatureTest" classname="App.Domain.Tasks.Tests.Feature.TaskFeatureTest" file="/var/www/html/app/Domain/Tasks/Tests/Feature/TaskFeatureTest.php" line="55" assertions="3" time="0.045264"/>
        <testcase name="testCanChangeTaskStatus" class="App\Domain\Tasks\Tests\Feature\TaskFeatureTest" classname="App.Domain.Tasks.Tests.Feature.TaskFeatureTest" file="/var/www/html/app/Domain/Tasks/Tests/Feature/TaskFeatureTest.php" line="65" assertions="3" time="0.053508"/>
        <testcase name="testTaskUpdatedEventDispatched" class="App\Domain\Tasks\Tests\Feature\TaskFeatureTest" classname="App.Domain.Tasks.Tests.Feature.TaskFeatureTest" file="/var/www/html/app/Domain/Tasks/Tests/Feature/TaskFeatureTest.php" line="79" assertions="3" time="0.040163"/>
        <testcase name="testCantChangeTaskStatusToCurrentStatus" class="App\Domain\Tasks\Tests\Feature\TaskFeatureTest" classname="App.Domain.Tasks.Tests.Feature.TaskFeatureTest" file="/var/www/html/app/Domain/Tasks/Tests/Feature/TaskFeatureTest.php" line="95" assertions="3" time="0.041192"/>
        <testcase name="testCantChangeTaskStatusBecauseTheTaskDoesNotBelongToTheLoggedUser" class="App\Domain\Tasks\Tests\Feature\TaskFeatureTest" classname="App.Domain.Tasks.Tests.Feature.TaskFeatureTest" file="/var/www/html/app/Domain/Tasks/Tests/Feature/TaskFeatureTest.php" line="113" assertions="2" time="0.056347"/>
        <testcase name="testCanSeeOwnTasks" class="App\Domain\Tasks\Tests\Feature\TaskFeatureTest" classname="App.Domain.Tasks.Tests.Feature.TaskFeatureTest" file="/var/www/html/app/Domain/Tasks/Tests/Feature/TaskFeatureTest.php" line="129" assertions="2" time="0.053329"/>
        <testcase name="testCantSeeOtherUserTasks" class="App\Domain\Tasks\Tests\Feature\TaskFeatureTest" classname="App.Domain.Tasks.Tests.Feature.TaskFeatureTest" file="/var/www/html/app/Domain/Tasks/Tests/Feature/TaskFeatureTest.php" line="143" assertions="2" time="0.047371"/>
      </testsuite>
      <testsuite name="App\Domain\Users\Tests\Feature\UserAuthenticationTest" file="/var/www/html/app/Domain/Users/Tests/Feature/UserAuthenticationTest.php" tests="16" assertions="31" errors="0" warnings="0" failures="0" skipped="0" time="0.729890">
        <testcase name="testCanLogIn" class="App\Domain\Users\Tests\Feature\UserAuthenticationTest" classname="App.Domain.Users.Tests.Feature.UserAuthenticationTest" file="/var/www/html/app/Domain/Users/Tests/Feature/UserAuthenticationTest.php" line="23" assertions="1" time="0.085644"/>
        <testcase name="testCantLoginInvalidEmailFormat" class="App\Domain\Users\Tests\Feature\UserAuthenticationTest" classname="App.Domain.Users.Tests.Feature.UserAuthenticationTest" file="/var/www/html/app/Domain/Users/Tests/Feature/UserAuthenticationTest.php" line="31" assertions="2" time="0.044860"/>
        <testcase name="testCantLoginBecausePasswordIsTooShort" class="App\Domain\Users\Tests\Feature\UserAuthenticationTest" classname="App.Domain.Users.Tests.Feature.UserAuthenticationTest" file="/var/www/html/app/Domain/Users/Tests/Feature/UserAuthenticationTest.php" line="41" assertions="2" time="0.039487"/>
        <testcase name="testCantLoginBecauseCredentialsAreInvalid" class="App\Domain\Users\Tests\Feature\UserAuthenticationTest" classname="App.Domain.Users.Tests.Feature.UserAuthenticationTest" file="/var/www/html/app/Domain/Users/Tests/Feature/UserAuthenticationTest.php" line="50" assertions="2" time="0.037188"/>
        <testcase name="testCantLoginBecauseAlreadyLoggedIn" class="App\Domain\Users\Tests\Feature\UserAuthenticationTest" classname="App.Domain.Users.Tests.Feature.UserAuthenticationTest" file="/var/www/html/app/Domain/Users/Tests/Feature/UserAuthenticationTest.php" line="59" assertions="2" time="0.046092"/>
        <testcase name="testLoginTokenResponseContainsToken" class="App\Domain\Users\Tests\Feature\UserAuthenticationTest" classname="App.Domain.Users.Tests.Feature.UserAuthenticationTest" file="/var/www/html/app/Domain/Users/Tests/Feature/UserAuthenticationTest.php" line="70" assertions="2" time="0.042047"/>
        <testcase name="testLoginAccessTokenResponseExpiresInPropertyIsInTheFuture" class="App\Domain\Users\Tests\Feature\UserAuthenticationTest" classname="App.Domain.Users.Tests.Feature.UserAuthenticationTest" file="/var/www/html/app/Domain/Users/Tests/Feature/UserAuthenticationTest.php" line="81" assertions="1" time="0.040745"/>
        <testcase name="testLoginAccessTokenExpiresInByConfig" class="App\Domain\Users\Tests\Feature\UserAuthenticationTest" classname="App.Domain.Users.Tests.Feature.UserAuthenticationTest" file="/var/www/html/app/Domain/Users/Tests/Feature/UserAuthenticationTest.php" line="93" assertions="1" time="0.042371"/>
        <testcase name="testCanLogout" class="App\Domain\Users\Tests\Feature\UserAuthenticationTest" classname="App.Domain.Users.Tests.Feature.UserAuthenticationTest" file="/var/www/html/app/Domain/Users/Tests/Feature/UserAuthenticationTest.php" line="106" assertions="2" time="0.044730"/>
        <testcase name="testCantLogoutBecauseNoTokenIsPresent" class="App\Domain\Users\Tests\Feature\UserAuthenticationTest" classname="App.Domain.Users.Tests.Feature.UserAuthenticationTest" file="/var/www/html/app/Domain/Users/Tests/Feature/UserAuthenticationTest.php" line="114" assertions="2" time="0.041124"/>
        <testcase name="testCantLogoutBecauseTokenIsInvalid" class="App\Domain\Users\Tests\Feature\UserAuthenticationTest" classname="App.Domain.Users.Tests.Feature.UserAuthenticationTest" file="/var/www/html/app/Domain/Users/Tests/Feature/UserAuthenticationTest.php" line="122" assertions="2" time="0.039051"/>
        <testcase name="testCanRefreshToken" class="App\Domain\Users\Tests\Feature\UserAuthenticationTest" classname="App.Domain.Users.Tests.Feature.UserAuthenticationTest" file="/var/www/html/app/Domain/Users/Tests/Feature/UserAuthenticationTest.php" line="130" assertions="3" time="0.041864"/>
        <testcase name="testCantRefreshTokenBecauseTokenIsAlreadyExpired" class="App\Domain\Users\Tests\Feature\UserAuthenticationTest" classname="App.Domain.Users.Tests.Feature.UserAuthenticationTest" file="/var/www/html/app/Domain/Users/Tests/Feature/UserAuthenticationTest.php" line="141" assertions="2" time="0.043738"/>
        <testcase name="testCantRefreshTokenBecauseTokenIsNotPresent" class="App\Domain\Users\Tests\Feature\UserAuthenticationTest" classname="App.Domain.Users.Tests.Feature.UserAuthenticationTest" file="/var/www/html/app/Domain/Users/Tests/Feature/UserAuthenticationTest.php" line="153" assertions="2" time="0.039982"/>
        <testcase name="testCanSeeOwnProfile" class="App\Domain\Users\Tests\Feature\UserAuthenticationTest" classname="App.Domain.Users.Tests.Feature.UserAuthenticationTest" file="/var/www/html/app/Domain/Users/Tests/Feature/UserAuthenticationTest.php" line="160" assertions="3" time="0.044900"/>
        <testcase name="testCantSeeOwnProfileBecauseNoTokenIsProvider" class="App\Domain\Users\Tests\Feature\UserAuthenticationTest" classname="App.Domain.Users.Tests.Feature.UserAuthenticationTest" file="/var/www/html/app/Domain/Users/Tests/Feature/UserAuthenticationTest.php" line="169" assertions="2" time="0.056065"/>
      </testsuite>
      <testsuite name="App\Domain\Users\Tests\Feature\UserRegisterTest" file="/var/www/html/app/Domain/Users/Tests/Feature/UserRegisterTest.php" tests="5" assertions="10" errors="0" warnings="0" failures="0" skipped="0" time="0.831389">
        <testcase name="testCanRegister" class="App\Domain\Users\Tests\Feature\UserRegisterTest" classname="App.Domain.Users.Tests.Feature.UserRegisterTest" file="/var/www/html/app/Domain/Users/Tests/Feature/UserRegisterTest.php" line="14" assertions="3" time="0.040850"/>
        <testcase name="testUserCreatedEventDispatched" class="App\Domain\Users\Tests\Feature\UserRegisterTest" classname="App.Domain.Users.Tests.Feature.UserRegisterTest" file="/var/www/html/app/Domain/Users/Tests/Feature/UserRegisterTest.php" line="30" assertions="1" time="0.040694"/>
        <testcase name="testCannotRegisterBecausePasswordIsTooShort" class="App\Domain\Users\Tests\Feature\UserRegisterTest" classname="App.Domain.Users.Tests.Feature.UserRegisterTest" file="/var/www/html/app/Domain/Users/Tests/Feature/UserRegisterTest.php" line="45" assertions="2" time="0.677069"/>
        <testcase name="testCannotRegisterBecausePasswordsNotMatch" class="App\Domain\Users\Tests\Feature\UserRegisterTest" classname="App.Domain.Users.Tests.Feature.UserRegisterTest" file="/var/www/html/app/Domain/Users/Tests/Feature/UserRegisterTest.php" line="57" assertions="2" time="0.034413"/>
        <testcase name="testCannotRegisterBecauseEmailAlreadyRegistered" class="App\Domain\Users\Tests\Feature\UserRegisterTest" classname="App.Domain.Users.Tests.Feature.UserRegisterTest" file="/var/www/html/app/Domain/Users/Tests/Feature/UserRegisterTest.php" line="69" assertions="2" time="0.038363"/>
      </testsuite>
    </testsuite>
    <testsuite name="Unit" tests="7" assertions="10" errors="0" warnings="0" failures="0" skipped="0" time="0.123130">
      <testsuite name="App\Domain\Tasks\Tests\Unit\TaskDataTest" file="/var/www/html/app/Domain/Tasks/Tests/Unit/TaskDataTest.php" tests="4" assertions="7" errors="0" warnings="0" failures="0" skipped="0" time="0.001267">
        <testcase name="testTaskDataTransferObjectImplementsArrayable" class="App\Domain\Tasks\Tests\Unit\TaskDataTest" classname="App.Domain.Tasks.Tests.Unit.TaskDataTest" file="/var/www/html/app/Domain/Tasks/Tests/Unit/TaskDataTest.php" line="11" assertions="1" time="0.000041"/>
        <testcase name="testTaskDataHasToArrayMethod" class="App\Domain\Tasks\Tests\Unit\TaskDataTest" classname="App.Domain.Tasks.Tests.Unit.TaskDataTest" file="/var/www/html/app/Domain/Tasks/Tests/Unit/TaskDataTest.php" line="20" assertions="1" time="0.000022"/>
        <testcase name="testTaskDataToArrayMethodReturnsArray" class="App\Domain\Tasks\Tests\Unit\TaskDataTest" classname="App.Domain.Tasks.Tests.Unit.TaskDataTest" file="/var/www/html/app/Domain/Tasks/Tests/Unit/TaskDataTest.php" line="25" assertions="1" time="0.001172"/>
        <testcase name="testTaskDataToArrayMethodReturnNonEmptyArray" class="App\Domain\Tasks\Tests\Unit\TaskDataTest" classname="App.Domain.Tasks.Tests.Unit.TaskDataTest" file="/var/www/html/app/Domain/Tasks/Tests/Unit/TaskDataTest.php" line="37" assertions="4" time="0.000033"/>
      </testsuite>
      <testsuite name="App\Domain\Tasks\Tests\Unit\TaskModelTest" file="/var/www/html/app/Domain/Tasks/Tests/Unit/TaskModelTest.php" tests="2" assertions="2" errors="0" warnings="0" failures="0" skipped="0" time="0.073236">
        <testcase name="testTaskHasUser" class="App\Domain\Tasks\Tests\Unit\TaskModelTest" classname="App.Domain.Tasks.Tests.Unit.TaskModelTest" file="/var/www/html/app/Domain/Tasks/Tests/Unit/TaskModelTest.php" line="12" assertions="1" time="0.037478"/>
        <testcase name="testTaskRouteKeyIsUuid" class="App\Domain\Tasks\Tests\Unit\TaskModelTest" classname="App.Domain.Tasks.Tests.Unit.TaskModelTest" file="/var/www/html/app/Domain/Tasks/Tests/Unit/TaskModelTest.php" line="20" assertions="1" time="0.035758"/>
      </testsuite>
      <testsuite name="App\Domain\Users\Tests\Unit\UserModelTest" file="/var/www/html/app/Domain/Users/Tests/Unit/UserModelTest.php" tests="1" assertions="1" errors="0" warnings="0" failures="0" skipped="0" time="0.048628">
        <testcase name="testUserHasTasks" class="App\Domain\Users\Tests\Unit\UserModelTest" classname="App.Domain.Users.Tests.Unit.UserModelTest" file="/var/www/html/app/Domain/Users/Tests/Unit/UserModelTest.php" line="12" assertions="1" time="0.048628"/>
      </testsuite>
    </testsuite>
  </testsuite>
</testsuites>
