<?xml version="1.0" encoding="UTF-8"?>
<testsuites>
  <testsuite name="" tests="36" assertions="69" errors="0" warnings="0" failures="0" skipped="0" time="2.154842">
    <testsuite name="Feature" tests="29" assertions="59" errors="0" warnings="0" failures="0" skipped="0" time="1.993044">
      <testsuite name="App\Domain\Server\Tests\Feature\ServerFeatureTest" file="/var/www/html/app/Domain/Server/Tests/Feature/ServerFeatureTest.php" tests="1" assertions="1" errors="0" warnings="0" failures="0" skipped="0" time="0.504517">
        <testcase name="testCanSeeHealth" class="App\Domain\Server\Tests\Feature\ServerFeatureTest" classname="App.Domain.Server.Tests.Feature.ServerFeatureTest" file="/var/www/html/app/Domain/Server/Tests/Feature/ServerFeatureTest.php" line="9" assertions="1" time="0.504517"/>
      </testsuite>
      <testsuite name="App\Domain\Tasks\Tests\Feature\TaskFeatureTest" file="/var/www/html/app/Domain/Tasks/Tests/Feature/TaskFeatureTest.php" tests="7" assertions="17" errors="0" warnings="0" failures="0" skipped="0" time="0.561415">
        <testcase name="testCanCreateTask" class="App\Domain\Tasks\Tests\Feature\TaskFeatureTest" classname="App.Domain.Tasks.Tests.Feature.TaskFeatureTest" file="/var/www/html/app/Domain/Tasks/Tests/Feature/TaskFeatureTest.php" line="28" assertions="3" time="0.226151"/>
        <testcase name="testTaskCreatedEventDispatched" class="App\Domain\Tasks\Tests\Feature\TaskFeatureTest" classname="App.Domain.Tasks.Tests.Feature.TaskFeatureTest" file="/var/www/html/app/Domain/Tasks/Tests/Feature/TaskFeatureTest.php" line="44" assertions="1" time="0.043816"/>
        <testcase name="testCantCreateTaskBecauseTheTitleContainsNotAllowedSymbols" class="App\Domain\Tasks\Tests\Feature\TaskFeatureTest" classname="App.Domain.Tasks.Tests.Feature.TaskFeatureTest" file="/var/www/html/app/Domain/Tasks/Tests/Feature/TaskFeatureTest.php" line="56" assertions="3" time="0.057866"/>
        <testcase name="testCanChangeTaskStatus" class="App\Domain\Tasks\Tests\Feature\TaskFeatureTest" classname="App.Domain.Tasks.Tests.Feature.TaskFeatureTest" file="/var/www/html/app/Domain/Tasks/Tests/Feature/TaskFeatureTest.php" line="66" assertions="2" time="0.064846"/>
        <testcase name="testTaskUpdatedEventDispatched" class="App\Domain\Tasks\Tests\Feature\TaskFeatureTest" classname="App.Domain.Tasks.Tests.Feature.TaskFeatureTest" file="/var/www/html/app/Domain/Tasks/Tests/Feature/TaskFeatureTest.php" line="78" assertions="3" time="0.041406"/>
        <testcase name="testCantChangeTaskStatusToCurrentStatus" class="App\Domain\Tasks\Tests\Feature\TaskFeatureTest" classname="App.Domain.Tasks.Tests.Feature.TaskFeatureTest" file="/var/www/html/app/Domain/Tasks/Tests/Feature/TaskFeatureTest.php" line="94" assertions="3" time="0.057851"/>
        <testcase name="testCantChangeTaskStatusBecauseTheTaskDoesNotBelongToTheLoggedUser" class="App\Domain\Tasks\Tests\Feature\TaskFeatureTest" classname="App.Domain.Tasks.Tests.Feature.TaskFeatureTest" file="/var/www/html/app/Domain/Tasks/Tests/Feature/TaskFeatureTest.php" line="112" assertions="2" time="0.069478"/>
      </testsuite>
      <testsuite name="App\Domain\Users\Tests\Feature\UserAuthenticationTest" file="/var/www/html/app/Domain/Users/Tests/Feature/UserAuthenticationTest.php" tests="16" assertions="31" errors="0" warnings="0" failures="0" skipped="0" time="0.736060">
        <testcase name="testCanLogIn" class="App\Domain\Users\Tests\Feature\UserAuthenticationTest" classname="App.Domain.Users.Tests.Feature.UserAuthenticationTest" file="/var/www/html/app/Domain/Users/Tests/Feature/UserAuthenticationTest.php" line="23" assertions="1" time="0.061373"/>
        <testcase name="testCantLoginInvalidEmailFormat" class="App\Domain\Users\Tests\Feature\UserAuthenticationTest" classname="App.Domain.Users.Tests.Feature.UserAuthenticationTest" file="/var/www/html/app/Domain/Users/Tests/Feature/UserAuthenticationTest.php" line="31" assertions="2" time="0.039888"/>
        <testcase name="testCantLoginBecausePasswordIsTooShort" class="App\Domain\Users\Tests\Feature\UserAuthenticationTest" classname="App.Domain.Users.Tests.Feature.UserAuthenticationTest" file="/var/www/html/app/Domain/Users/Tests/Feature/UserAuthenticationTest.php" line="41" assertions="2" time="0.039994"/>
        <testcase name="testCantLoginBecauseCredentialsAreInvalid" class="App\Domain\Users\Tests\Feature\UserAuthenticationTest" classname="App.Domain.Users.Tests.Feature.UserAuthenticationTest" file="/var/www/html/app/Domain/Users/Tests/Feature/UserAuthenticationTest.php" line="50" assertions="2" time="0.038924"/>
        <testcase name="testCantLoginBecauseAlreadyLoggedIn" class="App\Domain\Users\Tests\Feature\UserAuthenticationTest" classname="App.Domain.Users.Tests.Feature.UserAuthenticationTest" file="/var/www/html/app/Domain/Users/Tests/Feature/UserAuthenticationTest.php" line="59" assertions="2" time="0.053102"/>
        <testcase name="testLoginTokenResponseContainsToken" class="App\Domain\Users\Tests\Feature\UserAuthenticationTest" classname="App.Domain.Users.Tests.Feature.UserAuthenticationTest" file="/var/www/html/app/Domain/Users/Tests/Feature/UserAuthenticationTest.php" line="70" assertions="2" time="0.040187"/>
        <testcase name="testLoginAccessTokenResponseExpiresInPropertyIsInTheFuture" class="App\Domain\Users\Tests\Feature\UserAuthenticationTest" classname="App.Domain.Users.Tests.Feature.UserAuthenticationTest" file="/var/www/html/app/Domain/Users/Tests/Feature/UserAuthenticationTest.php" line="81" assertions="1" time="0.040892"/>
        <testcase name="testLoginAccessTokenExpiresInByConfig" class="App\Domain\Users\Tests\Feature\UserAuthenticationTest" classname="App.Domain.Users.Tests.Feature.UserAuthenticationTest" file="/var/www/html/app/Domain/Users/Tests/Feature/UserAuthenticationTest.php" line="93" assertions="1" time="0.055302"/>
        <testcase name="testCanLogout" class="App\Domain\Users\Tests\Feature\UserAuthenticationTest" classname="App.Domain.Users.Tests.Feature.UserAuthenticationTest" file="/var/www/html/app/Domain/Users/Tests/Feature/UserAuthenticationTest.php" line="106" assertions="2" time="0.049168"/>
        <testcase name="testCantLogoutBecauseNoTokenIsPresent" class="App\Domain\Users\Tests\Feature\UserAuthenticationTest" classname="App.Domain.Users.Tests.Feature.UserAuthenticationTest" file="/var/www/html/app/Domain/Users/Tests/Feature/UserAuthenticationTest.php" line="114" assertions="2" time="0.038835"/>
        <testcase name="testCantLogoutBecauseTokenIsInvalid" class="App\Domain\Users\Tests\Feature\UserAuthenticationTest" classname="App.Domain.Users.Tests.Feature.UserAuthenticationTest" file="/var/www/html/app/Domain/Users/Tests/Feature/UserAuthenticationTest.php" line="122" assertions="2" time="0.038914"/>
        <testcase name="testCanRefreshToken" class="App\Domain\Users\Tests\Feature\UserAuthenticationTest" classname="App.Domain.Users.Tests.Feature.UserAuthenticationTest" file="/var/www/html/app/Domain/Users/Tests/Feature/UserAuthenticationTest.php" line="130" assertions="3" time="0.052105"/>
        <testcase name="testCantRefreshTokenBecauseTokenIsAlreadyExpired" class="App\Domain\Users\Tests\Feature\UserAuthenticationTest" classname="App.Domain.Users.Tests.Feature.UserAuthenticationTest" file="/var/www/html/app/Domain/Users/Tests/Feature/UserAuthenticationTest.php" line="141" assertions="2" time="0.053836"/>
        <testcase name="testCantRefreshTokenBecauseTokenIsNotPresent" class="App\Domain\Users\Tests\Feature\UserAuthenticationTest" classname="App.Domain.Users.Tests.Feature.UserAuthenticationTest" file="/var/www/html/app/Domain/Users/Tests/Feature/UserAuthenticationTest.php" line="153" assertions="2" time="0.040120"/>
        <testcase name="testCanSeeOwnProfile" class="App\Domain\Users\Tests\Feature\UserAuthenticationTest" classname="App.Domain.Users.Tests.Feature.UserAuthenticationTest" file="/var/www/html/app/Domain/Users/Tests/Feature/UserAuthenticationTest.php" line="160" assertions="3" time="0.053586"/>
        <testcase name="testCantSeeOwnProfileBecauseNoTokenIsProvider" class="App\Domain\Users\Tests\Feature\UserAuthenticationTest" classname="App.Domain.Users.Tests.Feature.UserAuthenticationTest" file="/var/www/html/app/Domain/Users/Tests/Feature/UserAuthenticationTest.php" line="169" assertions="2" time="0.039835"/>
      </testsuite>
      <testsuite name="App\Domain\Users\Tests\Feature\UserRegisterTest" file="/var/www/html/app/Domain/Users/Tests/Feature/UserRegisterTest.php" tests="5" assertions="10" errors="0" warnings="0" failures="0" skipped="0" time="0.191052">
        <testcase name="testCanRegister" class="App\Domain\Users\Tests\Feature\UserRegisterTest" classname="App.Domain.Users.Tests.Feature.UserRegisterTest" file="/var/www/html/app/Domain/Users/Tests/Feature/UserRegisterTest.php" line="14" assertions="3" time="0.041954"/>
        <testcase name="testUserCreatedEventDispatched" class="App\Domain\Users\Tests\Feature\UserRegisterTest" classname="App.Domain.Users.Tests.Feature.UserRegisterTest" file="/var/www/html/app/Domain/Users/Tests/Feature/UserRegisterTest.php" line="30" assertions="1" time="0.037532"/>
        <testcase name="testCannotRegisterBecausePasswordIsTooShort" class="App\Domain\Users\Tests\Feature\UserRegisterTest" classname="App.Domain.Users.Tests.Feature.UserRegisterTest" file="/var/www/html/app/Domain/Users/Tests/Feature/UserRegisterTest.php" line="45" assertions="2" time="0.036551"/>
        <testcase name="testCannotRegisterBecausePasswordsNotMatch" class="App\Domain\Users\Tests\Feature\UserRegisterTest" classname="App.Domain.Users.Tests.Feature.UserRegisterTest" file="/var/www/html/app/Domain/Users/Tests/Feature/UserRegisterTest.php" line="57" assertions="2" time="0.035470"/>
        <testcase name="testCannotRegisterBecauseEmailAlreadyRegistered" class="App\Domain\Users\Tests\Feature\UserRegisterTest" classname="App.Domain.Users.Tests.Feature.UserRegisterTest" file="/var/www/html/app/Domain/Users/Tests/Feature/UserRegisterTest.php" line="69" assertions="2" time="0.039546"/>
      </testsuite>
    </testsuite>
    <testsuite name="Unit" tests="7" assertions="10" errors="0" warnings="0" failures="0" skipped="0" time="0.161797">
      <testsuite name="App\Domain\Tasks\Tests\Unit\TaskDataTest" file="/var/www/html/app/Domain/Tasks/Tests/Unit/TaskDataTest.php" tests="4" assertions="7" errors="0" warnings="0" failures="0" skipped="0" time="0.001486">
        <testcase name="testTaskDataTransferObjectImplementsArrayable" class="App\Domain\Tasks\Tests\Unit\TaskDataTest" classname="App.Domain.Tasks.Tests.Unit.TaskDataTest" file="/var/www/html/app/Domain/Tasks/Tests/Unit/TaskDataTest.php" line="11" assertions="1" time="0.000043"/>
        <testcase name="testTaskDataHasToArrayMethod" class="App\Domain\Tasks\Tests\Unit\TaskDataTest" classname="App.Domain.Tasks.Tests.Unit.TaskDataTest" file="/var/www/html/app/Domain/Tasks/Tests/Unit/TaskDataTest.php" line="20" assertions="1" time="0.000028"/>
        <testcase name="testTaskDataToArrayMethodReturnsArray" class="App\Domain\Tasks\Tests\Unit\TaskDataTest" classname="App.Domain.Tasks.Tests.Unit.TaskDataTest" file="/var/www/html/app/Domain/Tasks/Tests/Unit/TaskDataTest.php" line="25" assertions="1" time="0.001376"/>
        <testcase name="testTaskDataToArrayMethodReturnNonEmptyArray" class="App\Domain\Tasks\Tests\Unit\TaskDataTest" classname="App.Domain.Tasks.Tests.Unit.TaskDataTest" file="/var/www/html/app/Domain/Tasks/Tests/Unit/TaskDataTest.php" line="37" assertions="4" time="0.000040"/>
      </testsuite>
      <testsuite name="App\Domain\Tasks\Tests\Unit\TaskModelTest" file="/var/www/html/app/Domain/Tasks/Tests/Unit/TaskModelTest.php" tests="2" assertions="2" errors="0" warnings="0" failures="0" skipped="0" time="0.109028">
        <testcase name="testTaskHasUser" class="App\Domain\Tasks\Tests\Unit\TaskModelTest" classname="App.Domain.Tasks.Tests.Unit.TaskModelTest" file="/var/www/html/app/Domain/Tasks/Tests/Unit/TaskModelTest.php" line="12" assertions="1" time="0.060218"/>
        <testcase name="testTaskRouteKeyIsUuid" class="App\Domain\Tasks\Tests\Unit\TaskModelTest" classname="App.Domain.Tasks.Tests.Unit.TaskModelTest" file="/var/www/html/app/Domain/Tasks/Tests/Unit/TaskModelTest.php" line="20" assertions="1" time="0.048810"/>
      </testsuite>
      <testsuite name="App\Domain\Users\Tests\Unit\UserModelTest" file="/var/www/html/app/Domain/Users/Tests/Unit/UserModelTest.php" tests="1" assertions="1" errors="0" warnings="0" failures="0" skipped="0" time="0.051283">
        <testcase name="testUserHasTasks" class="App\Domain\Users\Tests\Unit\UserModelTest" classname="App.Domain.Users.Tests.Unit.UserModelTest" file="/var/www/html/app/Domain/Users/Tests/Unit/UserModelTest.php" line="12" assertions="1" time="0.051283"/>
      </testsuite>
    </testsuite>
  </testsuite>
</testsuites>
